2017-10-02 22:03:34,622 urllib3.connectionpool DEBUG    Starting new HTTP connection (1): api.openweathermap.org
2017-10-02 22:03:34,727 urllib3.connectionpool DEBUG    http://api.openweathermap.org:80 "POST /data/2.5/weather?q=Rzeszow&units=metric&appid=4a0d3cc607e3f12cae449fdb8f1c9d20 HTTP/1.1" 200 427
2017-10-02 22:03:34,728 root         DEBUG    {'coord': {'lon': 22, 'lat': 50.04}, 'weather': [{'id': 800, 'main': 'Clear', 'description': 'clear sky', 'icon': '01n'}], 'base': 'stations', 'main': {'temp': 11, 'pressure': 1020, 'humidity': 71, 'temp_min': 11, 'temp_max': 11}, 'visibility': 10000, 'wind': {'speed': 4.1, 'deg': 180}, 'clouds': {'all': 0}, 'dt': 1506972600, 'sys': {'type': 1, 'id': 5368, 'message': 0.002, 'country': 'PL', 'sunrise': 1506918892, 'sunset': 1506960380}, 'id': 759734, 'name': 'Rzeszow', 'cod': 200}
2017-10-03 18:13:17,147 root         DEBUG    Weather data saving process start
2017-10-03 18:13:17,430 urllib3.connectionpool DEBUG    Starting new HTTP connection (1): api.openweathermap.org
2017-10-03 18:13:18,704 urllib3.connectionpool DEBUG    http://api.openweathermap.org:80 "POST /data/2.5/weather?q=Rzeszow&units=metric&appid=4a0d3cc607e3f12cae449fdb8f1c9d20 HTTP/1.1" 200 490
2017-10-03 18:13:18,711 root         DEBUG    Response : {'coord': {'lon': 22, 'lat': 50.04}, 'weather': [{'id': 501, 'main': 'Rain', 'description': 'moderate rain', 'icon': '10d'}, {'id': 701, 'main': 'Mist', 'description': 'mist', 'icon': '50d'}], 'base': 'stations', 'main': {'temp': 11, 'pressure': 1015, 'humidity': 93, 'temp_min': 11, 'temp_max': 11}, 'visibility': 3300, 'wind': {'speed': 4.1, 'deg': 250}, 'clouds': {'all': 90}, 'dt': 1507046400, 'sys': {'type': 1, 'id': 5368, 'message': 0.0034, 'country': 'PL', 'sunrise': 1507005370, 'sunset': 1507046671}, 'id': 759734, 'name': 'Rzeszow', 'cod': 200}
2017-10-03 18:13:18,711 root         DEBUG    Weather data saving process finished
2017-10-03 18:14:20,702 root         DEBUG    Weather data saving process start
2017-10-03 18:19:45,138 root         DEBUG    Weather data saving process start
2017-10-03 18:19:59,557 root         DEBUG    Weather data saving process start
2017-10-03 18:24:29,980 root         DEBUG    Weather data saving process start
2017-10-03 18:25:00,918 root         DEBUG    Weather data saving process start
2017-10-03 18:26:15,558 root         DEBUG    Weather data saving process start
2017-10-03 18:26:19,972 urllib3.connectionpool DEBUG    Starting new HTTP connection (1): api.openweathermap.org
2017-10-03 18:26:20,700 urllib3.connectionpool DEBUG    http://api.openweathermap.org:80 "POST /data/2.5/weather?q=Rzeszow&units=metric&appid=4a0d3cc607e3f12cae449fdb8f1c9d20 HTTP/1.1" 200 490
2017-10-03 18:26:20,704 root         DEBUG    Response : {'coord': {'lon': 22, 'lat': 50.04}, 'weather': [{'id': 501, 'main': 'Rain', 'description': 'moderate rain', 'icon': '10d'}, {'id': 701, 'main': 'Mist', 'description': 'mist', 'icon': '50d'}], 'base': 'stations', 'main': {'temp': 11, 'pressure': 1015, 'humidity': 93, 'temp_min': 11, 'temp_max': 11}, 'visibility': 3300, 'wind': {'speed': 4.1, 'deg': 250}, 'clouds': {'all': 90}, 'dt': 1507046400, 'sys': {'type': 1, 'id': 5368, 'message': 0.0054, 'country': 'PL', 'sunrise': 1507005370, 'sunset': 1507046670}, 'id': 759734, 'name': 'Rzeszow', 'cod': 200}
2017-10-03 18:49:46,366 root         DEBUG    Weather data saving process start
2017-10-03 18:49:46,396 urllib3.connectionpool DEBUG    Starting new HTTP connection (1): api.openweathermap.org
2017-10-03 18:49:46,564 urllib3.connectionpool DEBUG    http://api.openweathermap.org:80 "POST /data/2.5/weather?q=Rzeszow&units=metric&appid=4a0d3cc607e3f12cae449fdb8f1c9d20 HTTP/1.1" 200 490
2017-10-03 18:49:46,567 root         DEBUG    Response : {'coord': {'lon': 22, 'lat': 50.04}, 'weather': [{'id': 501, 'main': 'Rain', 'description': 'moderate rain', 'icon': '10n'}, {'id': 701, 'main': 'Mist', 'description': 'mist', 'icon': '50n'}], 'base': 'stations', 'main': {'temp': 11, 'pressure': 1015, 'humidity': 93, 'temp_min': 11, 'temp_max': 11}, 'visibility': 3200, 'wind': {'speed': 5.1, 'deg': 230}, 'clouds': {'all': 75}, 'dt': 1507048200, 'sys': {'type': 1, 'id': 5368, 'message': 0.0055, 'country': 'PL', 'sunrise': 1507005372, 'sunset': 1507046667}, 'id': 759734, 'name': 'Rzeszow', 'cod': 200}
2017-10-03 18:49:46,578 root         DEBUG    Weather data saving process finished
2017-10-03 18:49:56,749 root         DEBUG    Weather data saving process start
2017-10-03 18:49:56,782 urllib3.connectionpool DEBUG    Starting new HTTP connection (1): api.openweathermap.org
2017-10-03 18:49:56,920 urllib3.connectionpool DEBUG    http://api.openweathermap.org:80 "POST /data/2.5/weather?q=Rzeszow&units=metric&appid=4a0d3cc607e3f12cae449fdb8f1c9d20 HTTP/1.1" 200 490
2017-10-03 18:49:56,923 root         DEBUG    Response : {'coord': {'lon': 22, 'lat': 50.04}, 'weather': [{'id': 501, 'main': 'Rain', 'description': 'moderate rain', 'icon': '10n'}, {'id': 701, 'main': 'Mist', 'description': 'mist', 'icon': '50n'}], 'base': 'stations', 'main': {'temp': 11, 'pressure': 1015, 'humidity': 93, 'temp_min': 11, 'temp_max': 11}, 'visibility': 3200, 'wind': {'speed': 5.1, 'deg': 230}, 'clouds': {'all': 75}, 'dt': 1507048200, 'sys': {'type': 1, 'id': 5368, 'message': 0.0055, 'country': 'PL', 'sunrise': 1507005372, 'sunset': 1507046667}, 'id': 759734, 'name': 'Rzeszow', 'cod': 200}
2017-10-03 18:49:56,934 root         DEBUG    Weather data saving process finished
2017-10-03 18:50:12,181 root         DEBUG    Weather data saving process start
2017-10-03 18:50:12,213 urllib3.connectionpool DEBUG    Starting new HTTP connection (1): api.openweathermap.org
2017-10-03 18:50:12,446 urllib3.connectionpool DEBUG    http://api.openweathermap.org:80 "POST /data/2.5/weather?q=Rzeszow&units=metric&appid=4a0d3cc607e3f12cae449fdb8f1c9d20 HTTP/1.1" 200 490
2017-10-03 18:50:12,449 root         DEBUG    Response : {'coord': {'lon': 22, 'lat': 50.04}, 'weather': [{'id': 501, 'main': 'Rain', 'description': 'moderate rain', 'icon': '10n'}, {'id': 701, 'main': 'Mist', 'description': 'mist', 'icon': '50n'}], 'base': 'stations', 'main': {'temp': 11, 'pressure': 1015, 'humidity': 93, 'temp_min': 11, 'temp_max': 11}, 'visibility': 3200, 'wind': {'speed': 5.1, 'deg': 230}, 'clouds': {'all': 75}, 'dt': 1507048200, 'sys': {'type': 1, 'id': 5368, 'message': 0.0023, 'country': 'PL', 'sunrise': 1507005372, 'sunset': 1507046667}, 'id': 759734, 'name': 'Rzeszow', 'cod': 200}
2017-10-03 18:53:32,427 root         DEBUG    Weather data saving process start
2017-10-03 18:53:32,444 urllib3.connectionpool DEBUG    Starting new HTTP connection (1): api.openweathermap.org
2017-10-03 18:53:32,562 urllib3.connectionpool DEBUG    http://api.openweathermap.org:80 "POST /data/2.5/weather?q=Rzeszow&units=metric&appid=4a0d3cc607e3f12cae449fdb8f1c9d20 HTTP/1.1" 200 490
2017-10-03 18:53:32,565 root         DEBUG    Response : {'coord': {'lon': 22, 'lat': 50.04}, 'weather': [{'id': 501, 'main': 'Rain', 'description': 'moderate rain', 'icon': '10n'}, {'id': 701, 'main': 'Mist', 'description': 'mist', 'icon': '50n'}], 'base': 'stations', 'main': {'temp': 11, 'pressure': 1015, 'humidity': 93, 'temp_min': 11, 'temp_max': 11}, 'visibility': 3200, 'wind': {'speed': 5.1, 'deg': 230}, 'clouds': {'all': 75}, 'dt': 1507048200, 'sys': {'type': 1, 'id': 5368, 'message': 0.0033, 'country': 'PL', 'sunrise': 1507005372, 'sunset': 1507046667}, 'id': 759734, 'name': 'Rzeszow', 'cod': 200}
2017-10-03 18:53:32,595 root         DEBUG    Weather data saving process finished
2017-10-03 18:54:13,119 root         DEBUG    Weather data saving process start
2017-10-03 18:54:13,146 urllib3.connectionpool DEBUG    Starting new HTTP connection (1): api.openweathermap.org
2017-10-03 18:54:13,280 urllib3.connectionpool DEBUG    http://api.openweathermap.org:80 "POST /data/2.5/weather?q=Rzeszow&units=metric&appid=4a0d3cc607e3f12cae449fdb8f1c9d20 HTTP/1.1" 200 490
2017-10-03 18:54:13,283 root         DEBUG    Response : {'coord': {'lon': 22, 'lat': 50.04}, 'weather': [{'id': 501, 'main': 'Rain', 'description': 'moderate rain', 'icon': '10n'}, {'id': 701, 'main': 'Mist', 'description': 'mist', 'icon': '50n'}], 'base': 'stations', 'main': {'temp': 11, 'pressure': 1015, 'humidity': 93, 'temp_min': 11, 'temp_max': 11}, 'visibility': 3200, 'wind': {'speed': 5.1, 'deg': 230}, 'clouds': {'all': 75}, 'dt': 1507048200, 'sys': {'type': 1, 'id': 5368, 'message': 0.0033, 'country': 'PL', 'sunrise': 1507005372, 'sunset': 1507046667}, 'id': 759734, 'name': 'Rzeszow', 'cod': 200}
2017-10-03 18:54:41,952 root         DEBUG    Weather data saving process start
2017-10-03 18:54:41,986 urllib3.connectionpool DEBUG    Starting new HTTP connection (1): api.openweathermap.org
2017-10-03 18:54:42,096 urllib3.connectionpool DEBUG    http://api.openweathermap.org:80 "POST /data/2.5/weather?q=Rzeszow&units=metric&appid=4a0d3cc607e3f12cae449fdb8f1c9d20 HTTP/1.1" 200 490
2017-10-03 18:54:42,099 root         DEBUG    Response : {'coord': {'lon': 22, 'lat': 50.04}, 'weather': [{'id': 501, 'main': 'Rain', 'description': 'moderate rain', 'icon': '10n'}, {'id': 701, 'main': 'Mist', 'description': 'mist', 'icon': '50n'}], 'base': 'stations', 'main': {'temp': 11, 'pressure': 1015, 'humidity': 93, 'temp_min': 11, 'temp_max': 11}, 'visibility': 3200, 'wind': {'speed': 5.1, 'deg': 230}, 'clouds': {'all': 75}, 'dt': 1507048200, 'sys': {'type': 1, 'id': 5368, 'message': 0.0023, 'country': 'PL', 'sunrise': 1507005372, 'sunset': 1507046667}, 'id': 759734, 'name': 'Rzeszow', 'cod': 200}
2017-10-03 18:54:48,260 root         DEBUG    Weather data saving process finished
2017-10-03 18:55:16,292 root         DEBUG    Weather data saving process start
2017-10-03 18:55:16,321 urllib3.connectionpool DEBUG    Starting new HTTP connection (1): api.openweathermap.org
2017-10-03 18:55:16,447 urllib3.connectionpool DEBUG    http://api.openweathermap.org:80 "POST /data/2.5/weather?q=Rzeszow&units=metric&appid=4a0d3cc607e3f12cae449fdb8f1c9d20 HTTP/1.1" 200 490
2017-10-03 18:55:16,451 root         DEBUG    Response : {'coord': {'lon': 22, 'lat': 50.04}, 'weather': [{'id': 501, 'main': 'Rain', 'description': 'moderate rain', 'icon': '10n'}, {'id': 701, 'main': 'Mist', 'description': 'mist', 'icon': '50n'}], 'base': 'stations', 'main': {'temp': 11, 'pressure': 1015, 'humidity': 93, 'temp_min': 11, 'temp_max': 11}, 'visibility': 3200, 'wind': {'speed': 5.1, 'deg': 230}, 'clouds': {'all': 75}, 'dt': 1507048200, 'sys': {'type': 1, 'id': 5368, 'message': 0.0033, 'country': 'PL', 'sunrise': 1507005372, 'sunset': 1507046667}, 'id': 759734, 'name': 'Rzeszow', 'cod': 200}
2017-10-03 18:56:44,892 root         DEBUG    Weather data saving process start
2017-10-03 18:56:44,912 urllib3.connectionpool DEBUG    Starting new HTTP connection (1): api.openweathermap.org
2017-10-03 18:56:45,015 urllib3.connectionpool DEBUG    http://api.openweathermap.org:80 "POST /data/2.5/weather?q=Rzeszow&units=metric&appid=4a0d3cc607e3f12cae449fdb8f1c9d20 HTTP/1.1" 200 490
2017-10-03 18:56:45,017 root         DEBUG    Response : {'coord': {'lon': 22, 'lat': 50.04}, 'weather': [{'id': 501, 'main': 'Rain', 'description': 'moderate rain', 'icon': '10n'}, {'id': 701, 'main': 'Mist', 'description': 'mist', 'icon': '50n'}], 'base': 'stations', 'main': {'temp': 11, 'pressure': 1015, 'humidity': 93, 'temp_min': 11, 'temp_max': 11}, 'visibility': 3200, 'wind': {'speed': 5.1, 'deg': 230}, 'clouds': {'all': 75}, 'dt': 1507048200, 'sys': {'type': 1, 'id': 5368, 'message': 0.0024, 'country': 'PL', 'sunrise': 1507005372, 'sunset': 1507046667}, 'id': 759734, 'name': 'Rzeszow', 'cod': 200}
2017-10-03 18:56:45,020 root         DEBUG    Weather data saving process finished
2017-10-03 18:57:27,636 root         DEBUG    Weather data saving process start
2017-10-03 18:57:27,646 urllib3.connectionpool DEBUG    Starting new HTTP connection (1): api.openweathermap.org
2017-10-03 18:57:27,742 urllib3.connectionpool DEBUG    http://api.openweathermap.org:80 "POST /data/2.5/weather?q=Rzeszow&units=metric&appid=4a0d3cc607e3f12cae449fdb8f1c9d20 HTTP/1.1" 200 490
2017-10-03 18:57:27,743 root         DEBUG    Response : {'coord': {'lon': 22, 'lat': 50.04}, 'weather': [{'id': 501, 'main': 'Rain', 'description': 'moderate rain', 'icon': '10n'}, {'id': 701, 'main': 'Mist', 'description': 'mist', 'icon': '50n'}], 'base': 'stations', 'main': {'temp': 11, 'pressure': 1015, 'humidity': 93, 'temp_min': 11, 'temp_max': 11}, 'visibility': 3200, 'wind': {'speed': 5.1, 'deg': 230}, 'clouds': {'all': 75}, 'dt': 1507048200, 'sys': {'type': 1, 'id': 5368, 'message': 0.0024, 'country': 'PL', 'sunrise': 1507005372, 'sunset': 1507046667}, 'id': 759734, 'name': 'Rzeszow', 'cod': 200}
2017-10-03 18:57:28,193 root         DEBUG    Weather data saving process finished
2017-10-03 18:58:23,567 root         DEBUG    Weather data saving process start
2017-10-03 18:58:23,577 urllib3.connectionpool DEBUG    Starting new HTTP connection (1): api.openweathermap.org
2017-10-03 18:58:23,895 urllib3.connectionpool DEBUG    http://api.openweathermap.org:80 "POST /data/2.5/weather?q=Rzeszow&units=metric&appid=4a0d3cc607e3f12cae449fdb8f1c9d20 HTTP/1.1" 200 490
2017-10-03 18:58:23,896 root         DEBUG    Response : {'coord': {'lon': 22, 'lat': 50.04}, 'weather': [{'id': 501, 'main': 'Rain', 'description': 'moderate rain', 'icon': '10n'}, {'id': 701, 'main': 'Mist', 'description': 'mist', 'icon': '50n'}], 'base': 'stations', 'main': {'temp': 11, 'pressure': 1015, 'humidity': 93, 'temp_min': 11, 'temp_max': 11}, 'visibility': 3200, 'wind': {'speed': 5.1, 'deg': 230}, 'clouds': {'all': 75}, 'dt': 1507048200, 'sys': {'type': 1, 'id': 5368, 'message': 0.0041, 'country': 'PL', 'sunrise': 1507005372, 'sunset': 1507046667}, 'id': 759734, 'name': 'Rzeszow', 'cod': 200}
2017-10-03 18:58:24,368 root         DEBUG    Weather data saving process finished
2017-10-03 18:58:43,318 root         DEBUG    Weather data saving process start
2017-10-03 18:58:43,328 urllib3.connectionpool DEBUG    Starting new HTTP connection (1): api.openweathermap.org
2017-10-03 18:58:43,761 urllib3.connectionpool DEBUG    http://api.openweathermap.org:80 "POST /data/2.5/weather?q=Rzeszow&units=metric&appid=4a0d3cc607e3f12cae449fdb8f1c9d20 HTTP/1.1" 200 490
2017-10-03 18:58:43,762 root         DEBUG    Response : {'coord': {'lon': 22, 'lat': 50.04}, 'weather': [{'id': 501, 'main': 'Rain', 'description': 'moderate rain', 'icon': '10n'}, {'id': 701, 'main': 'Mist', 'description': 'mist', 'icon': '50n'}], 'base': 'stations', 'main': {'temp': 11, 'pressure': 1015, 'humidity': 93, 'temp_min': 11, 'temp_max': 11}, 'visibility': 3200, 'wind': {'speed': 5.1, 'deg': 230}, 'clouds': {'all': 75}, 'dt': 1507048200, 'sys': {'type': 1, 'id': 5368, 'message': 0.0024, 'country': 'PL', 'sunrise': 1507005372, 'sunset': 1507046667}, 'id': 759734, 'name': 'Rzeszow', 'cod': 200}
2017-10-03 18:58:44,328 root         DEBUG    Weather data saving process finished
2017-10-03 19:01:02,501 root         DEBUG    Weather data saving process start
2017-10-03 19:01:02,928 urllib3.connectionpool DEBUG    Starting new HTTP connection (1): api.openweathermap.org
2017-10-03 19:01:03,107 urllib3.connectionpool DEBUG    http://api.openweathermap.org:80 "POST /data/2.5/weather?q=Rzeszow&units=metric&appid=4a0d3cc607e3f12cae449fdb8f1c9d20 HTTP/1.1" 200 490
2017-10-03 19:01:03,108 root         DEBUG    Response : {'coord': {'lon': 22, 'lat': 50.04}, 'weather': [{'id': 501, 'main': 'Rain', 'description': 'moderate rain', 'icon': '10n'}, {'id': 701, 'main': 'Mist', 'description': 'mist', 'icon': '50n'}], 'base': 'stations', 'main': {'temp': 11, 'pressure': 1015, 'humidity': 93, 'temp_min': 11, 'temp_max': 11}, 'visibility': 3200, 'wind': {'speed': 5.1, 'deg': 230}, 'clouds': {'all': 75}, 'dt': 1507048200, 'sys': {'type': 1, 'id': 5368, 'message': 0.0041, 'country': 'PL', 'sunrise': 1507005373, 'sunset': 1507046666}, 'id': 759734, 'name': 'Rzeszow', 'cod': 200}
2017-10-03 19:01:03,580 root         DEBUG    Weather data saving process finished
2017-10-03 19:02:57,326 root         DEBUG    Weather data saving process start
2017-10-03 19:02:57,344 urllib3.connectionpool DEBUG    Starting new HTTP connection (1): api.openweathermap.org
2017-10-03 19:02:57,487 urllib3.connectionpool DEBUG    http://api.openweathermap.org:80 "POST /data/2.5/weather?q=Rzeszow&units=metric&appid=4a0d3cc607e3f12cae449fdb8f1c9d20 HTTP/1.1" 200 490
2017-10-03 19:02:57,489 root         DEBUG    Response : {'coord': {'lon': 22, 'lat': 50.04}, 'weather': [{'id': 501, 'main': 'Rain', 'description': 'moderate rain', 'icon': '10n'}, {'id': 701, 'main': 'Mist', 'description': 'mist', 'icon': '50n'}], 'base': 'stations', 'main': {'temp': 11, 'pressure': 1015, 'humidity': 93, 'temp_min': 11, 'temp_max': 11}, 'visibility': 3200, 'wind': {'speed': 5.1, 'deg': 230}, 'clouds': {'all': 75}, 'dt': 1507048200, 'sys': {'type': 1, 'id': 5368, 'message': 0.0235, 'country': 'PL', 'sunrise': 1507005373, 'sunset': 1507046666}, 'id': 759734, 'name': 'Rzeszow', 'cod': 200}
2017-10-03 19:02:58,115 root         DEBUG    Weather data saving process finished
